# JRE version: Java(TM) SE Runtime Environment (7.0_65-b17) (build 1.7.0_65-b17)
# Java VM: Java HotSpot(TM) 64-Bit Server VM (24.65-b04 mixed mode linux-amd64 compressed oops)
Heap
 PSYoungGen      total 58368K, used 9500K [0x00000000f5e00000, 0x00000000fa880000, 0x0000000100000000)
  eden space 44544K, 14% used [0x00000000f5e00000,0x00000000f64624f0,0x00000000f8980000)
  from space 13824K, 21% used [0x00000000f9b00000,0x00000000f9de4e38,0x00000000fa880000)
  to   space 15872K, 0% used [0x00000000f8980000,0x00000000f8980000,0x00000000f9900000)
 ParOldGen       total 44032K, used 21624K [0x00000000e1a00000, 0x00000000e4500000, 0x00000000f5e00000)
  object space 44032K, 49% used [0x00000000e1a00000,0x00000000e2f1e3c0,0x00000000e4500000)
 PSPermGen       total 46080K, used 26343K [0x00000000dc800000, 0x00000000df500000, 0x00000000e1a00000)
  object space 46080K, 57% used [0x00000000dc800000,0x00000000de1b9ef8,0x00000000df500000)
GC Heap History (10 events):
Event: 4,390 GC heap before
{Heap before GC invocations=3 (full 0):
 PSYoungGen      total 18432K, used 13546K [0x00000000f5e00000, 0x00000000f7100000, 0x0000000100000000)
  eden space 17408K, 71% used [0x00000000f5e00000,0x00000000f6a3aae8,0x00000000f6f00000)
  from space 1024K, 100% used [0x00000000f7000000,0x00000000f7100000,0x00000000f7100000)
  to   space 1024K, 0% used [0x00000000f6f00000,0x00000000f6f00000,0x00000000f7000000)
 ParOldGen       total 20480K, used 4343K [0x00000000e1a00000, 0x00000000e2e00000, 0x00000000f5e00000)
  object space 20480K, 21% used [0x00000000e1a00000,0x00000000e1e3df78,0x00000000e2e00000)
 PSPermGen       total 21504K, used 19978K [0x00000000dc800000, 0x00000000ddd00000, 0x00000000e1a00000)
  object space 21504K, 92% used [0x00000000dc800000,0x00000000ddb82b60,0x00000000ddd00000)
Event: 4,406 GC heap after
Heap after GC invocations=3 (full 0):
 PSYoungGen      total 18432K, used 1008K [0x00000000f5e00000, 0x00000000f8200000, 0x0000000100000000)
  eden space 17408K, 0% used [0x00000000f5e00000,0x00000000f5e00000,0x00000000f6f00000)
  from space 1024K, 98% used [0x00000000f6f00000,0x00000000f6ffc010,0x00000000f7000000)
  to   space 1024K, 0% used [0x00000000f8100000,0x00000000f8100000,0x00000000f8200000)
 ParOldGen       total 20480K, used 6050K [0x00000000e1a00000, 0x00000000e2e00000, 0x00000000f5e00000)
  object space 20480K, 29% used [0x00000000e1a00000,0x00000000e1fe8a68,0x00000000e2e00000)
 PSPermGen       total 21504K, used 19978K [0x00000000dc800000, 0x00000000ddd00000, 0x00000000e1a00000)
  object space 21504K, 92% used [0x00000000dc800000,0x00000000ddb82b60,0x00000000ddd00000)
}
Event: 5,724 GC heap before
{Heap before GC invocations=4 (full 0):
 PSYoungGen      total 18432K, used 17853K [0x00000000f5e00000, 0x00000000f8200000, 0x0000000100000000)
  eden space 17408K, 96% used [0x00000000f5e00000,0x00000000f6e73510,0x00000000f6f00000)
  from space 1024K, 98% used [0x00000000f6f00000,0x00000000f6ffc010,0x00000000f7000000)
  to   space 1024K, 0% used [0x00000000f8100000,0x00000000f8100000,0x00000000f8200000)
 ParOldGen       total 20480K, used 6050K [0x00000000e1a00000, 0x00000000e2e00000, 0x00000000f5e00000)
  object space 20480K, 29% used [0x00000000e1a00000,0x00000000e1fe8a68,0x00000000e2e00000)
 PSPermGen       total 23040K, used 22916K [0x00000000dc800000, 0x00000000dde80000, 0x00000000e1a00000)
  object space 23040K, 99% used [0x00000000dc800000,0x00000000dde611c0,0x00000000dde80000)
Event: 5,756 GC heap after
Heap after GC invocations=4 (full 0):
 PSYoungGen      total 35840K, used 1024K [0x00000000f5e00000, 0x00000000f8200000, 0x0000000100000000)
  eden space 34816K, 0% used [0x00000000f5e00000,0x00000000f5e00000,0x00000000f8000000)
  from space 1024K, 100% used [0x00000000f8100000,0x00000000f8200000,0x00000000f8200000)
  to   space 1024K, 0% used [0x00000000f8000000,0x00000000f8000000,0x00000000f8100000)
 ParOldGen       total 28672K, used 23796K [0x00000000e1a00000, 0x00000000e3600000, 0x00000000f5e00000)
  object space 28672K, 82% used [0x00000000e1a00000,0x00000000e313d0a8,0x00000000e3600000)
 PSPermGen       total 23040K, used 22916K [0x00000000dc800000, 0x00000000dde80000, 0x00000000e1a00000)
  object space 23040K, 99% used [0x00000000dc800000,0x00000000dde611c0,0x00000000dde80000)
}
Event: 5,756 GC heap before
{Heap before GC invocations=5 (full 1):
 PSYoungGen      total 35840K, used 1024K [0x00000000f5e00000, 0x00000000f8200000, 0x0000000100000000)
  eden space 34816K, 0% used [0x00000000f5e00000,0x00000000f5e00000,0x00000000f8000000)
  from space 1024K, 100% used [0x00000000f8100000,0x00000000f8200000,0x00000000f8200000)
  to   space 1024K, 0% used [0x00000000f8000000,0x00000000f8000000,0x00000000f8100000)
 ParOldGen       total 28672K, used 23796K [0x00000000e1a00000, 0x00000000e3600000, 0x00000000f5e00000)
  object space 28672K, 82% used [0x00000000e1a00000,0x00000000e313d0a8,0x00000000e3600000)
 PSPermGen       total 23040K, used 22916K [0x00000000dc800000, 0x00000000dde80000, 0x00000000e1a00000)
  object space 23040K, 99% used [0x00000000dc800000,0x00000000dde611c0,0x00000000dde80000)
Event: 5,944 GC heap after
Heap after GC invocations=5 (full 1):
 PSYoungGen      total 35840K, used 0K [0x00000000f5e00000, 0x00000000f8200000, 0x0000000100000000)
  eden space 34816K, 0% used [0x00000000f5e00000,0x00000000f5e00000,0x00000000f8000000)
  from space 1024K, 0% used [0x00000000f8100000,0x00000000f8100000,0x00000000f8200000)
  to   space 1024K, 0% used [0x00000000f8000000,0x00000000f8000000,0x00000000f8100000)
 ParOldGen       total 44032K, used 13764K [0x00000000e1a00000, 0x00000000e4500000, 0x00000000f5e00000)
  object space 44032K, 31% used [0x00000000e1a00000,0x00000000e2771330,0x00000000e4500000)
 PSPermGen       total 46080K, used 22910K [0x00000000dc800000, 0x00000000df500000, 0x00000000e1a00000)
  object space 46080K, 49% used [0x00000000dc800000,0x00000000dde5f8c8,0x00000000df500000)
}
Event: 6,846 GC heap before
{Heap before GC invocations=6 (full 1):
 PSYoungGen      total 35840K, used 34816K [0x00000000f5e00000, 0x00000000f8200000, 0x0000000100000000)
  eden space 34816K, 100% used [0x00000000f5e00000,0x00000000f8000000,0x00000000f8000000)
  from space 1024K, 0% used [0x00000000f8100000,0x00000000f8100000,0x00000000f8200000)
  to   space 1024K, 0% used [0x00000000f8000000,0x00000000f8000000,0x00000000f8100000)
 ParOldGen       total 44032K, used 13764K [0x00000000e1a00000, 0x00000000e4500000, 0x00000000f5e00000)
  object space 44032K, 31% used [0x00000000e1a00000,0x00000000e2771330,0x00000000e4500000)
 PSPermGen       total 46080K, used 23049K [0x00000000dc800000, 0x00000000df500000, 0x00000000e1a00000)
  object space 46080K, 50% used [0x00000000dc800000,0x00000000dde826c0,0x00000000df500000)
Event: 6,857 GC heap after
Heap after GC invocations=6 (full 1):
 PSYoungGen      total 35840K, used 1012K [0x00000000f5e00000, 0x00000000faa80000, 0x0000000100000000)
  eden space 34816K, 0% used [0x00000000f5e00000,0x00000000f5e00000,0x00000000f8000000)
  from space 1024K, 98% used [0x00000000f8000000,0x00000000f80fd150,0x00000000f8100000)
  to   space 15872K, 0% used [0x00000000f9b00000,0x00000000f9b00000,0x00000000faa80000)
 ParOldGen       total 44032K, used 21624K [0x00000000e1a00000, 0x00000000e4500000, 0x00000000f5e00000)
  object space 44032K, 49% used [0x00000000e1a00000,0x00000000e2f1e3c0,0x00000000e4500000)
 PSPermGen       total 46080K, used 23049K [0x00000000dc800000, 0x00000000df500000, 0x00000000e1a00000)
  object space 46080K, 50% used [0x00000000dc800000,0x00000000dde826c0,0x00000000df500000)
}
Event: 99,797 GC heap before
{Heap before GC invocations=7 (full 1):
 PSYoungGen      total 35840K, used 35828K [0x00000000f5e00000, 0x00000000faa80000, 0x0000000100000000)
  eden space 34816K, 100% used [0x00000000f5e00000,0x00000000f8000000,0x00000000f8000000)
  from space 1024K, 98% used [0x00000000f8000000,0x00000000f80fd150,0x00000000f8100000)
  to   space 15872K, 0% used [0x00000000f9b00000,0x00000000f9b00000,0x00000000faa80000)
 ParOldGen       total 44032K, used 21624K [0x00000000e1a00000, 0x00000000e4500000, 0x00000000f5e00000)
  object space 44032K, 49% used [0x00000000e1a00000,0x00000000e2f1e3c0,0x00000000e4500000)
 PSPermGen       total 46080K, used 24065K [0x00000000dc800000, 0x00000000df500000, 0x00000000e1a00000)
  object space 46080K, 52% used [0x00000000dc800000,0x00000000ddf80468,0x00000000df500000)
Event: 99,814 GC heap after
Heap after GC invocations=7 (full 1):
 PSYoungGen      total 58368K, used 2963K [0x00000000f5e00000, 0x00000000fa880000, 0x0000000100000000)
  eden space 44544K, 0% used [0x00000000f5e00000,0x00000000f5e00000,0x00000000f8980000)
  from space 13824K, 21% used [0x00000000f9b00000,0x00000000f9de4e38,0x00000000fa880000)
  to   space 15872K, 0% used [0x00000000f8980000,0x00000000f8980000,0x00000000f9900000)
 ParOldGen       total 44032K, used 21624K [0x00000000e1a00000, 0x00000000e4500000, 0x00000000f5e00000)
  object space 44032K, 49% used [0x00000000e1a00000,0x00000000e2f1e3c0,0x00000000e4500000)
 PSPermGen       total 46080K, used 24065K [0x00000000dc800000, 0x00000000df500000, 0x00000000e1a00000)
  object space 46080K, 52% used [0x00000000dc800000,0x00000000ddf80468,0x00000000df500000)
}

