# JRE version: Java(TM) SE Runtime Environment (7.0_65-b17) (build 1.7.0_65-b17)
# Java VM: Java HotSpot(TM) 64-Bit Server VM (24.65-b04 mixed mode linux-amd64 compressed oops)
Heap
 PSYoungGen      total 51200K, used 7274K [0x00000000f5e00000, 0x00000000f9c80000, 0x0000000100000000)
  eden space 42496K, 13% used [0x00000000f5e00000,0x00000000f6390a80,0x00000000f8780000)
  from space 8704K, 18% used [0x00000000f9400000,0x00000000f958a178,0x00000000f9c80000)
  to   space 10752K, 0% used [0x00000000f8780000,0x00000000f8780000,0x00000000f9200000)
 ParOldGen       total 39936K, used 22280K [0x00000000e1a00000, 0x00000000e4100000, 0x00000000f5e00000)
  object space 39936K, 55% used [0x00000000e1a00000,0x00000000e2fc2048,0x00000000e4100000)
 PSPermGen       total 46080K, used 26361K [0x00000000dc800000, 0x00000000df500000, 0x00000000e1a00000)
  object space 46080K, 57% used [0x00000000dc800000,0x00000000de1be490,0x00000000df500000)
GC Heap History (10 events):
Event: 3,383 GC heap before
{Heap before GC invocations=3 (full 0):
 PSYoungGen      total 18432K, used 13982K [0x00000000f5e00000, 0x00000000f7100000, 0x0000000100000000)
  eden space 17408K, 74% used [0x00000000f5e00000,0x00000000f6aaba98,0x00000000f6f00000)
  from space 1024K, 98% used [0x00000000f7000000,0x00000000f70fc010,0x00000000f7100000)
  to   space 1024K, 0% used [0x00000000f6f00000,0x00000000f6f00000,0x00000000f7000000)
 ParOldGen       total 20480K, used 4053K [0x00000000e1a00000, 0x00000000e2e00000, 0x00000000f5e00000)
  object space 20480K, 19% used [0x00000000e1a00000,0x00000000e1df5690,0x00000000e2e00000)
 PSPermGen       total 21504K, used 20173K [0x00000000dc800000, 0x00000000ddd00000, 0x00000000e1a00000)
  object space 21504K, 93% used [0x00000000dc800000,0x00000000ddbb35e0,0x00000000ddd00000)
Event: 3,399 GC heap after
Heap after GC invocations=3 (full 0):
 PSYoungGen      total 18432K, used 1008K [0x00000000f5e00000, 0x00000000f8200000, 0x0000000100000000)
  eden space 17408K, 0% used [0x00000000f5e00000,0x00000000f5e00000,0x00000000f6f00000)
  from space 1024K, 98% used [0x00000000f6f00000,0x00000000f6ffc010,0x00000000f7000000)
  to   space 1024K, 0% used [0x00000000f8100000,0x00000000f8100000,0x00000000f8200000)
 ParOldGen       total 20480K, used 5853K [0x00000000e1a00000, 0x00000000e2e00000, 0x00000000f5e00000)
  object space 20480K, 28% used [0x00000000e1a00000,0x00000000e1fb77a0,0x00000000e2e00000)
 PSPermGen       total 21504K, used 20173K [0x00000000dc800000, 0x00000000ddd00000, 0x00000000e1a00000)
  object space 21504K, 93% used [0x00000000dc800000,0x00000000ddbb35e0,0x00000000ddd00000)
}
Event: 4,342 GC heap before
{Heap before GC invocations=4 (full 0):
 PSYoungGen      total 18432K, used 18416K [0x00000000f5e00000, 0x00000000f8200000, 0x0000000100000000)
  eden space 17408K, 100% used [0x00000000f5e00000,0x00000000f6f00000,0x00000000f6f00000)
  from space 1024K, 98% used [0x00000000f6f00000,0x00000000f6ffc010,0x00000000f7000000)
  to   space 1024K, 0% used [0x00000000f8100000,0x00000000f8100000,0x00000000f8200000)
 ParOldGen       total 20480K, used 5853K [0x00000000e1a00000, 0x00000000e2e00000, 0x00000000f5e00000)
  object space 20480K, 28% used [0x00000000e1a00000,0x00000000e1fb77a0,0x00000000e2e00000)
 PSPermGen       total 23040K, used 22868K [0x00000000dc800000, 0x00000000dde80000, 0x00000000e1a00000)
  object space 23040K, 99% used [0x00000000dc800000,0x00000000dde55388,0x00000000dde80000)
Event: 4,381 GC heap after
Heap after GC invocations=4 (full 0):
 PSYoungGen      total 35840K, used 1010K [0x00000000f5e00000, 0x00000000f8200000, 0x0000000100000000)
  eden space 34816K, 0% used [0x00000000f5e00000,0x00000000f5e00000,0x00000000f8000000)
  from space 1024K, 98% used [0x00000000f8100000,0x00000000f81fc820,0x00000000f8200000)
  to   space 1024K, 0% used [0x00000000f8000000,0x00000000f8000000,0x00000000f8100000)
 ParOldGen       total 20480K, used 16852K [0x00000000e1a00000, 0x00000000e2e00000, 0x00000000f5e00000)
  object space 20480K, 82% used [0x00000000e1a00000,0x00000000e2a751f0,0x00000000e2e00000)
 PSPermGen       total 23040K, used 22868K [0x00000000dc800000, 0x00000000dde80000, 0x00000000e1a00000)
  object space 23040K, 99% used [0x00000000dc800000,0x00000000dde55388,0x00000000dde80000)
}
Event: 4,381 GC heap before
{Heap before GC invocations=5 (full 1):
 PSYoungGen      total 35840K, used 1010K [0x00000000f5e00000, 0x00000000f8200000, 0x0000000100000000)
  eden space 34816K, 0% used [0x00000000f5e00000,0x00000000f5e00000,0x00000000f8000000)
  from space 1024K, 98% used [0x00000000f8100000,0x00000000f81fc820,0x00000000f8200000)
  to   space 1024K, 0% used [0x00000000f8000000,0x00000000f8000000,0x00000000f8100000)
 ParOldGen       total 20480K, used 16852K [0x00000000e1a00000, 0x00000000e2e00000, 0x00000000f5e00000)
  object space 20480K, 82% used [0x00000000e1a00000,0x00000000e2a751f0,0x00000000e2e00000)
 PSPermGen       total 23040K, used 22868K [0x00000000dc800000, 0x00000000dde80000, 0x00000000e1a00000)
  object space 23040K, 99% used [0x00000000dc800000,0x00000000dde55388,0x00000000dde80000)
Event: 4,621 GC heap after
Heap after GC invocations=5 (full 1):
 PSYoungGen      total 35840K, used 0K [0x00000000f5e00000, 0x00000000f8200000, 0x0000000100000000)
  eden space 34816K, 0% used [0x00000000f5e00000,0x00000000f5e00000,0x00000000f8000000)
  from space 1024K, 0% used [0x00000000f8100000,0x00000000f8100000,0x00000000f8200000)
  to   space 1024K, 0% used [0x00000000f8000000,0x00000000f8000000,0x00000000f8100000)
 ParOldGen       total 39936K, used 14686K [0x00000000e1a00000, 0x00000000e4100000, 0x00000000f5e00000)
  object space 39936K, 36% used [0x00000000e1a00000,0x00000000e2857928,0x00000000e4100000)
 PSPermGen       total 46080K, used 22862K [0x00000000dc800000, 0x00000000df500000, 0x00000000e1a00000)
  object space 46080K, 49% used [0x00000000dc800000,0x00000000dde53ab0,0x00000000df500000)
}
Event: 5,558 GC heap before
{Heap before GC invocations=6 (full 1):
 PSYoungGen      total 35840K, used 34816K [0x00000000f5e00000, 0x00000000f8200000, 0x0000000100000000)
  eden space 34816K, 100% used [0x00000000f5e00000,0x00000000f8000000,0x00000000f8000000)
  from space 1024K, 0% used [0x00000000f8100000,0x00000000f8100000,0x00000000f8200000)
  to   space 1024K, 0% used [0x00000000f8000000,0x00000000f8000000,0x00000000f8100000)
 ParOldGen       total 39936K, used 14686K [0x00000000e1a00000, 0x00000000e4100000, 0x00000000f5e00000)
  object space 39936K, 36% used [0x00000000e1a00000,0x00000000e2857928,0x00000000e4100000)
 PSPermGen       total 46080K, used 23001K [0x00000000dc800000, 0x00000000df500000, 0x00000000e1a00000)
  object space 46080K, 49% used [0x00000000dc800000,0x00000000dde766e0,0x00000000df500000)
Event: 5,572 GC heap after
Heap after GC invocations=6 (full 1):
 PSYoungGen      total 35840K, used 480K [0x00000000f5e00000, 0x00000000f9f00000, 0x0000000100000000)
  eden space 34816K, 0% used [0x00000000f5e00000,0x00000000f5e00000,0x00000000f8000000)
  from space 1024K, 46% used [0x00000000f8000000,0x00000000f8078000,0x00000000f8100000)
  to   space 11264K, 0% used [0x00000000f9400000,0x00000000f9400000,0x00000000f9f00000)
 ParOldGen       total 39936K, used 22280K [0x00000000e1a00000, 0x00000000e4100000, 0x00000000f5e00000)
  object space 39936K, 55% used [0x00000000e1a00000,0x00000000e2fc2048,0x00000000e4100000)
 PSPermGen       total 46080K, used 23001K [0x00000000dc800000, 0x00000000df500000, 0x00000000e1a00000)
  object space 46080K, 49% used [0x00000000dc800000,0x00000000dde766e0,0x00000000df500000)
}
Event: 106,555 GC heap before
{Heap before GC invocations=7 (full 1):
 PSYoungGen      total 35840K, used 35296K [0x00000000f5e00000, 0x00000000f9f00000, 0x0000000100000000)
  eden space 34816K, 100% used [0x00000000f5e00000,0x00000000f8000000,0x00000000f8000000)
  from space 1024K, 46% used [0x00000000f8000000,0x00000000f8078000,0x00000000f8100000)
  to   space 11264K, 0% used [0x00000000f9400000,0x00000000f9400000,0x00000000f9f00000)
 ParOldGen       total 39936K, used 22280K [0x00000000e1a00000, 0x00000000e4100000, 0x00000000f5e00000)
  object space 39936K, 55% used [0x00000000e1a00000,0x00000000e2fc2048,0x00000000e4100000)
 PSPermGen       total 46080K, used 24337K [0x00000000dc800000, 0x00000000df500000, 0x00000000e1a00000)
  object space 46080K, 52% used [0x00000000dc800000,0x00000000ddfc4520,0x00000000df500000)
Event: 106,570 GC heap after
Heap after GC invocations=7 (full 1):
 PSYoungGen      total 51200K, used 1576K [0x00000000f5e00000, 0x00000000f9c80000, 0x0000000100000000)
  eden space 42496K, 0% used [0x00000000f5e00000,0x00000000f5e00000,0x00000000f8780000)
  from space 8704K, 18% used [0x00000000f9400000,0x00000000f958a178,0x00000000f9c80000)
  to   space 10752K, 0% used [0x00000000f8780000,0x00000000f8780000,0x00000000f9200000)
 ParOldGen       total 39936K, used 22280K [0x00000000e1a00000, 0x00000000e4100000, 0x00000000f5e00000)
  object space 39936K, 55% used [0x00000000e1a00000,0x00000000e2fc2048,0x00000000e4100000)
 PSPermGen       total 46080K, used 24337K [0x00000000dc800000, 0x00000000df500000, 0x00000000e1a00000)
  object space 46080K, 52% used [0x00000000dc800000,0x00000000ddfc4520,0x00000000df500000)
}

