# JRE version: OpenJDK Runtime Environment (7.0_55-b14) (build 1.7.0_55-b14)
# Java VM: OpenJDK 64-Bit Server VM (24.51-b03 mixed mode linux-amd64 compressed oops)
Heap
 PSYoungGen      total 31744K, used 15758K [0x00000000f2200000, 0x00000000f4480000, 0x0000000100000000)
  eden space 28160K, 53% used [0x00000000f2200000,0x00000000f3099f28,0x00000000f3d80000)
  from space 3584K, 22% used [0x00000000f4100000,0x00000000f41c9930,0x00000000f4480000)
  to   space 3584K, 0% used [0x00000000f3d80000,0x00000000f3d80000,0x00000000f4100000)
 ParOldGen       total 20480K, used 13895K [0x00000000d6600000, 0x00000000d7a00000, 0x00000000f2200000)
  object space 20480K, 67% used [0x00000000d6600000,0x00000000d7391d90,0x00000000d7a00000)
 PSPermGen       total 23552K, used 23089K [0x00000000cc000000, 0x00000000cd700000, 0x00000000d6600000)
  object space 23552K, 98% used [0x00000000cc000000,0x00000000cd68c538,0x00000000cd700000)
GC Heap History (10 events):
Event: 32,750 GC heap before
{Heap before GC invocations=6 (full 0):
 PSYoungGen      total 9728K, used 9693K [0x00000000f2200000, 0x00000000f3180000, 0x0000000100000000)
  eden space 8704K, 99% used [0x00000000f2200000,0x00000000f2a7f6a8,0x00000000f2a80000)
  from space 1024K, 96% used [0x00000000f2a80000,0x00000000f2b78020,0x00000000f2b80000)
  to   space 3584K, 0% used [0x00000000f2e00000,0x00000000f2e00000,0x00000000f3180000)
 ParOldGen       total 20480K, used 5071K [0x00000000d6600000, 0x00000000d7a00000, 0x00000000f2200000)
  object space 20480K, 24% used [0x00000000d6600000,0x00000000d6af3dd8,0x00000000d7a00000)
 PSPermGen       total 21504K, used 19631K [0x00000000cc000000, 0x00000000cd500000, 0x00000000d6600000)
  object space 21504K, 91% used [0x00000000cc000000,0x00000000cd32be30,0x00000000cd500000)
Event: 32,781 GC heap after
Heap after GC invocations=6 (full 0):
 PSYoungGen      total 12288K, used 1272K [0x00000000f2200000, 0x00000000f3a00000, 0x0000000100000000)
  eden space 8704K, 0% used [0x00000000f2200000,0x00000000f2200000,0x00000000f2a80000)
  from space 3584K, 35% used [0x00000000f2e00000,0x00000000f2f3e2c0,0x00000000f3180000)
  to   space 3584K, 0% used [0x00000000f2a80000,0x00000000f2a80000,0x00000000f2e00000)
 ParOldGen       total 20480K, used 12665K [0x00000000d6600000, 0x00000000d7a00000, 0x00000000f2200000)
  object space 20480K, 61% used [0x00000000d6600000,0x00000000d725e4f8,0x00000000d7a00000)
 PSPermGen       total 21504K, used 19631K [0x00000000cc000000, 0x00000000cd500000, 0x00000000d6600000)
  object space 21504K, 91% used [0x00000000cc000000,0x00000000cd32be30,0x00000000cd500000)
}
Event: 32,944 GC heap before
{Heap before GC invocations=7 (full 0):
 PSYoungGen      total 12288K, used 9976K [0x00000000f2200000, 0x00000000f3a00000, 0x0000000100000000)
  eden space 8704K, 100% used [0x00000000f2200000,0x00000000f2a80000,0x00000000f2a80000)
  from space 3584K, 35% used [0x00000000f2e00000,0x00000000f2f3e2c0,0x00000000f3180000)
  to   space 3584K, 0% used [0x00000000f2a80000,0x00000000f2a80000,0x00000000f2e00000)
 ParOldGen       total 20480K, used 12665K [0x00000000d6600000, 0x00000000d7a00000, 0x00000000f2200000)
  object space 20480K, 61% used [0x00000000d6600000,0x00000000d725e4f8,0x00000000d7a00000)
 PSPermGen       total 21504K, used 19799K [0x00000000cc000000, 0x00000000cd500000, 0x00000000d6600000)
  object space 21504K, 92% used [0x00000000cc000000,0x00000000cd355e68,0x00000000cd500000)
Event: 32,955 GC heap after
Heap after GC invocations=7 (full 0):
 PSYoungGen      total 12288K, used 888K [0x00000000f2200000, 0x00000000f3a00000, 0x0000000100000000)
  eden space 8704K, 0% used [0x00000000f2200000,0x00000000f2200000,0x00000000f2a80000)
  from space 3584K, 24% used [0x00000000f2a80000,0x00000000f2b5e2a0,0x00000000f2e00000)
  to   space 3584K, 0% used [0x00000000f3680000,0x00000000f3680000,0x00000000f3a00000)
 ParOldGen       total 20480K, used 13029K [0x00000000d6600000, 0x00000000d7a00000, 0x00000000f2200000)
  object space 20480K, 63% used [0x00000000d6600000,0x00000000d72b97f0,0x00000000d7a00000)
 PSPermGen       total 21504K, used 19799K [0x00000000cc000000, 0x00000000cd500000, 0x00000000d6600000)
  object space 21504K, 92% used [0x00000000cc000000,0x00000000cd355e68,0x00000000cd500000)
}
Event: 33,086 GC heap before
{Heap before GC invocations=8 (full 0):
 PSYoungGen      total 12288K, used 9592K [0x00000000f2200000, 0x00000000f3a00000, 0x0000000100000000)
  eden space 8704K, 100% used [0x00000000f2200000,0x00000000f2a80000,0x00000000f2a80000)
  from space 3584K, 24% used [0x00000000f2a80000,0x00000000f2b5e2a0,0x00000000f2e00000)
  to   space 3584K, 0% used [0x00000000f3680000,0x00000000f3680000,0x00000000f3a00000)
 ParOldGen       total 20480K, used 13029K [0x00000000d6600000, 0x00000000d7a00000, 0x00000000f2200000)
  object space 20480K, 63% used [0x00000000d6600000,0x00000000d72b97f0,0x00000000d7a00000)
 PSPermGen       total 21504K, used 19915K [0x00000000cc000000, 0x00000000cd500000, 0x00000000d6600000)
  object space 21504K, 92% used [0x00000000cc000000,0x00000000cd372ca8,0x00000000cd500000)
Event: 33,093 GC heap after
Heap after GC invocations=8 (full 0):
 PSYoungGen      total 20992K, used 459K [0x00000000f2200000, 0x00000000f3a00000, 0x0000000100000000)
  eden space 17408K, 0% used [0x00000000f2200000,0x00000000f2200000,0x00000000f3300000)
  from space 3584K, 12% used [0x00000000f3680000,0x00000000f36f2c40,0x00000000f3a00000)
  to   space 3584K, 0% used [0x00000000f3300000,0x00000000f3300000,0x00000000f3680000)
 ParOldGen       total 20480K, used 13557K [0x00000000d6600000, 0x00000000d7a00000, 0x00000000f2200000)
  object space 20480K, 66% used [0x00000000d6600000,0x00000000d733d680,0x00000000d7a00000)
 PSPermGen       total 21504K, used 19915K [0x00000000cc000000, 0x00000000cd500000, 0x00000000d6600000)
  object space 21504K, 92% used [0x00000000cc000000,0x00000000cd372ca8,0x00000000cd500000)
}
Event: 33,370 GC heap before
{Heap before GC invocations=9 (full 0):
 PSYoungGen      total 20992K, used 17867K [0x00000000f2200000, 0x00000000f3a00000, 0x0000000100000000)
  eden space 17408K, 100% used [0x00000000f2200000,0x00000000f3300000,0x00000000f3300000)
  from space 3584K, 12% used [0x00000000f3680000,0x00000000f36f2c40,0x00000000f3a00000)
  to   space 3584K, 0% used [0x00000000f3300000,0x00000000f3300000,0x00000000f3680000)
 ParOldGen       total 20480K, used 13557K [0x00000000d6600000, 0x00000000d7a00000, 0x00000000f2200000)
  object space 20480K, 66% used [0x00000000d6600000,0x00000000d733d680,0x00000000d7a00000)
 PSPermGen       total 21504K, used 19972K [0x00000000cc000000, 0x00000000cd500000, 0x00000000d6600000)
  object space 21504K, 92% used [0x00000000cc000000,0x00000000cd381368,0x00000000cd500000)
Event: 33,376 GC heap after
Heap after GC invocations=9 (full 0):
 PSYoungGen      total 20992K, used 384K [0x00000000f2200000, 0x00000000f4480000, 0x0000000100000000)
  eden space 17408K, 0% used [0x00000000f2200000,0x00000000f2200000,0x00000000f3300000)
  from space 3584K, 10% used [0x00000000f3300000,0x00000000f3360000,0x00000000f3680000)
  to   space 3584K, 0% used [0x00000000f4100000,0x00000000f4100000,0x00000000f4480000)
 ParOldGen       total 20480K, used 13863K [0x00000000d6600000, 0x00000000d7a00000, 0x00000000f2200000)
  object space 20480K, 67% used [0x00000000d6600000,0x00000000d7389d90,0x00000000d7a00000)
 PSPermGen       total 21504K, used 19972K [0x00000000cc000000, 0x00000000cd500000, 0x00000000d6600000)
  object space 21504K, 92% used [0x00000000cc000000,0x00000000cd381368,0x00000000cd500000)
}
Event: 37,136 GC heap before
{Heap before GC invocations=10 (full 0):
 PSYoungGen      total 20992K, used 15265K [0x00000000f2200000, 0x00000000f4480000, 0x0000000100000000)
  eden space 17408K, 85% used [0x00000000f2200000,0x00000000f3088760,0x00000000f3300000)
  from space 3584K, 10% used [0x00000000f3300000,0x00000000f3360000,0x00000000f3680000)
  to   space 3584K, 0% used [0x00000000f4100000,0x00000000f4100000,0x00000000f4480000)
 ParOldGen       total 20480K, used 13863K [0x00000000d6600000, 0x00000000d7a00000, 0x00000000f2200000)
  object space 20480K, 67% used [0x00000000d6600000,0x00000000d7389d90,0x00000000d7a00000)
 PSPermGen       total 22528K, used 22311K [0x00000000cc000000, 0x00000000cd600000, 0x00000000d6600000)
  object space 22528K, 99% used [0x00000000cc000000,0x00000000cd5c9db0,0x00000000cd600000)
Event: 37,147 GC heap after
Heap after GC invocations=10 (full 0):
 PSYoungGen      total 31744K, used 806K [0x00000000f2200000, 0x00000000f4480000, 0x0000000100000000)
  eden space 28160K, 0% used [0x00000000f2200000,0x00000000f2200000,0x00000000f3d80000)
  from space 3584K, 22% used [0x00000000f4100000,0x00000000f41c9930,0x00000000f4480000)
  to   space 3584K, 0% used [0x00000000f3d80000,0x00000000f3d80000,0x00000000f4100000)
 ParOldGen       total 20480K, used 13895K [0x00000000d6600000, 0x00000000d7a00000, 0x00000000f2200000)
  object space 20480K, 67% used [0x00000000d6600000,0x00000000d7391d90,0x00000000d7a00000)
 PSPermGen       total 22528K, used 22311K [0x00000000cc000000, 0x00000000cd600000, 0x00000000d6600000)
  object space 22528K, 99% used [0x00000000cc000000,0x00000000cd5c9db0,0x00000000cd600000)
}

